This file contains any messages produced by compilers while
running configure, to aid debugging if configure makes a mistake.

It was created by libXlg3d configure 5.0, which was
generated by GNU Autoconf 2.59.  Invocation command line was

  $ ./configure --enable-maintainer-mode --prefix=/homelocal/djlocal/xorg/gitlg/modular

## --------- ##
## Platform. ##
## --------- ##

hostname = localhost.localdomain
uname -m = i686
uname -r = 2.6.17-1.2157_FC5
uname -s = Linux
uname -v = #1 Tue Jul 11 22:55:46 EDT 2006

/usr/bin/uname -p = unknown
/bin/uname -X     = unknown

/bin/arch              = i686
/usr/bin/arch -k       = unknown
/usr/convex/getsysinfo = unknown
hostinfo               = unknown
/bin/machine           = unknown
/usr/bin/oslevel       = unknown
/bin/universe          = unknown

PATH: /homelocal/djlocal/xorg/gitlg/modular/bin
PATH: /usr/staroffice7/program
PATH: .
PATH: /homelocal/djlocal/jdks/jdk-6.0-beta2-b80-linux-i586/bin
PATH: /homelocal/djlocal/bin/i386
PATH: /homelocal/djlocal/bin
PATH: /homelocal/djlocal/ant/bin
PATH: /homelocal/djlocal/firefox
PATH: /usr/local/bin
PATH: /bin
PATH: /usr/bin
PATH: /etc
PATH: /usr/local/Acrobat5/bin
PATH: /usr/X11R6/bin
PATH: /opt/gnome/bin
PATH: /opt/OpenOffice.org/program
PATH: /homelocal/djlocal/thunderbird
PATH: /homelocal/djlocal/git


## ----------- ##
## Core tests. ##
## ----------- ##

configure:1570: checking for a BSD-compatible install
configure:1625: result: /usr/bin/install -c
configure:1636: checking whether build environment is sane
configure:1679: result: yes
configure:1744: checking for gawk
configure:1760: found /bin/gawk
configure:1770: result: gawk
configure:1780: checking whether make sets $(MAKE)
configure:1800: result: yes
configure:1968: checking whether to enable maintainer-specific portions of Makefiles
configure:1977: result: yes
configure:2043: checking for gcc
configure:2059: found /usr/bin/gcc
configure:2069: result: gcc
configure:2313: checking for C compiler version
configure:2316: gcc --version </dev/null >&5
gcc (GCC) 4.1.0 20060304 (Red Hat 4.1.0-3)
Copyright (C) 2006 Free Software Foundation, Inc.
This is free software; see the source for copying conditions.  There is NO
warranty; not even for MERCHANTABILITY or FITNESS FOR A PARTICULAR PURPOSE.

configure:2319: $? = 0
configure:2321: gcc -v </dev/null >&5
Using built-in specs.
Target: i386-redhat-linux
Configured with: ../configure --prefix=/usr --mandir=/usr/share/man --infodir=/usr/share/info --enable-shared --enable-threads=posix --enable-checking=release --with-system-zlib --enable-__cxa_atexit --disable-libunwind-exceptions --enable-libgcj-multifile --enable-languages=c,c++,objc,obj-c++,java,fortran,ada --enable-java-awt=gtk --disable-dssi --with-java-home=/usr/lib/jvm/java-1.4.2-gcj-1.4.2.0/jre --with-cpu=generic --host=i386-redhat-linux
Thread model: posix
gcc version 4.1.0 20060304 (Red Hat 4.1.0-3)
configure:2324: $? = 0
configure:2326: gcc -V </dev/null >&5
gcc: '-V' option must have argument
configure:2329: $? = 1
configure:2352: checking for C compiler default output file name
configure:2355: gcc    conftest.c  >&5
configure:2358: $? = 0
configure:2404: result: a.out
configure:2409: checking whether the C compiler works
configure:2415: ./a.out
configure:2418: $? = 0
configure:2435: result: yes
configure:2442: checking whether we are cross compiling
configure:2444: result: no
configure:2447: checking for suffix of executables
configure:2449: gcc -o conftest    conftest.c  >&5
configure:2452: $? = 0
configure:2477: result: 
configure:2483: checking for suffix of object files
configure:2504: gcc -c   conftest.c >&5
configure:2507: $? = 0
configure:2529: result: o
configure:2533: checking whether we are using the GNU C compiler
configure:2557: gcc -c   conftest.c >&5
configure:2563: $? = 0
configure:2567: test -z 
			 || test ! -s conftest.err
configure:2570: $? = 0
configure:2573: test -s conftest.o
configure:2576: $? = 0
configure:2589: result: yes
configure:2595: checking whether gcc accepts -g
configure:2616: gcc -c -g  conftest.c >&5
configure:2622: $? = 0
configure:2626: test -z 
			 || test ! -s conftest.err
configure:2629: $? = 0
configure:2632: test -s conftest.o
configure:2635: $? = 0
configure:2646: result: yes
configure:2663: checking for gcc option to accept ANSI C
configure:2733: gcc  -c -g -O2  conftest.c >&5
configure:2739: $? = 0
configure:2743: test -z 
			 || test ! -s conftest.err
configure:2746: $? = 0
configure:2749: test -s conftest.o
configure:2752: $? = 0
configure:2770: result: none needed
configure:2788: gcc -c -g -O2  conftest.c >&5
conftest.c:2: error: expected '=', ',', ';', 'asm' or '__attribute__' before 'me'
configure:2794: $? = 1
configure: failed program was:
| #ifndef __cplusplus
|   choke me
| #endif
configure:2938: checking for style of include used by make
configure:2966: result: GNU
configure:2994: checking dependency style of gcc
configure:3084: result: gcc3
configure:3179: checking build system type
configure:3197: result: i686-intel-linux
configure:3205: checking host system type
configure:3219: result: i686-intel-linux
configure:3227: checking for a sed that does not truncate output
configure:3281: result: /bin/sed
configure:3284: checking for egrep
configure:3294: result: grep -E
configure:3310: checking for ld used by gcc
configure:3377: result: /usr/bin/ld
configure:3386: checking if the linker (/usr/bin/ld) is GNU ld
configure:3401: result: yes
configure:3406: checking for /usr/bin/ld option to reload object files
configure:3413: result: -r
configure:3431: checking for BSD-compatible nm
configure:3480: result: /usr/bin/nm -B
configure:3484: checking whether ln -s works
configure:3488: result: yes
configure:3495: checking how to recognise dependent libraries
configure:3671: result: pass_all
configure:3908: checking how to run the C preprocessor
configure:3943: gcc -E  conftest.c
configure:3949: $? = 0
configure:3981: gcc -E  conftest.c
conftest.c:11:28: error: ac_nonexistent.h: No such file or directory
configure:3987: $? = 1
configure: failed program was:
| /* confdefs.h.  */
| 
| #define PACKAGE_NAME "libXlg3d"
| #define PACKAGE_TARNAME "libXlg3d"
| #define PACKAGE_VERSION "5.0"
| #define PACKAGE_STRING "libXlg3d 5.0"
| #define PACKAGE_BUGREPORT "https://bugs.freedesktop.org/enter_bug.cgi?product=xorg"
| #define PACKAGE "libXlg3d"
| #define VERSION "5.0"
| /* end confdefs.h.  */
| #include <ac_nonexistent.h>
configure:4026: result: gcc -E
configure:4050: gcc -E  conftest.c
configure:4056: $? = 0
configure:4088: gcc -E  conftest.c
conftest.c:11:28: error: ac_nonexistent.h: No such file or directory
configure:4094: $? = 1
configure: failed program was:
| /* confdefs.h.  */
| 
| #define PACKAGE_NAME "libXlg3d"
| #define PACKAGE_TARNAME "libXlg3d"
| #define PACKAGE_VERSION "5.0"
| #define PACKAGE_STRING "libXlg3d 5.0"
| #define PACKAGE_BUGREPORT "https://bugs.freedesktop.org/enter_bug.cgi?product=xorg"
| #define PACKAGE "libXlg3d"
| #define VERSION "5.0"
| /* end confdefs.h.  */
| #include <ac_nonexistent.h>
configure:4138: checking for ANSI C header files
configure:4163: gcc -c -g -O2  conftest.c >&5
configure:4169: $? = 0
configure:4173: test -z 
			 || test ! -s conftest.err
configure:4176: $? = 0
configure:4179: test -s conftest.o
configure:4182: $? = 0
configure:4271: gcc -o conftest -g -O2   conftest.c  >&5
conftest.c: In function 'main':
conftest.c:28: warning: incompatible implicit declaration of built-in function 'exit'
configure:4274: $? = 0
configure:4276: ./conftest
configure:4279: $? = 0
configure:4294: result: yes
configure:4318: checking for sys/types.h
configure:4334: gcc -c -g -O2  conftest.c >&5
configure:4340: $? = 0
configure:4344: test -z 
			 || test ! -s conftest.err
configure:4347: $? = 0
configure:4350: test -s conftest.o
configure:4353: $? = 0
configure:4364: result: yes
configure:4318: checking for sys/stat.h
configure:4334: gcc -c -g -O2  conftest.c >&5
configure:4340: $? = 0
configure:4344: test -z 
			 || test ! -s conftest.err
configure:4347: $? = 0
configure:4350: test -s conftest.o
configure:4353: $? = 0
configure:4364: result: yes
configure:4318: checking for stdlib.h
configure:4334: gcc -c -g -O2  conftest.c >&5
configure:4340: $? = 0
configure:4344: test -z 
			 || test ! -s conftest.err
configure:4347: $? = 0
configure:4350: test -s conftest.o
configure:4353: $? = 0
configure:4364: result: yes
configure:4318: checking for string.h
configure:4334: gcc -c -g -O2  conftest.c >&5
configure:4340: $? = 0
configure:4344: test -z 
			 || test ! -s conftest.err
configure:4347: $? = 0
configure:4350: test -s conftest.o
configure:4353: $? = 0
configure:4364: result: yes
configure:4318: checking for memory.h
configure:4334: gcc -c -g -O2  conftest.c >&5
configure:4340: $? = 0
configure:4344: test -z 
			 || test ! -s conftest.err
configure:4347: $? = 0
configure:4350: test -s conftest.o
configure:4353: $? = 0
configure:4364: result: yes
configure:4318: checking for strings.h
configure:4334: gcc -c -g -O2  conftest.c >&5
configure:4340: $? = 0
configure:4344: test -z 
			 || test ! -s conftest.err
configure:4347: $? = 0
configure:4350: test -s conftest.o
configure:4353: $? = 0
configure:4364: result: yes
configure:4318: checking for inttypes.h
configure:4334: gcc -c -g -O2  conftest.c >&5
configure:4340: $? = 0
configure:4344: test -z 
			 || test ! -s conftest.err
configure:4347: $? = 0
configure:4350: test -s conftest.o
configure:4353: $? = 0
configure:4364: result: yes
configure:4318: checking for stdint.h
configure:4334: gcc -c -g -O2  conftest.c >&5
configure:4340: $? = 0
configure:4344: test -z 
			 || test ! -s conftest.err
configure:4347: $? = 0
configure:4350: test -s conftest.o
configure:4353: $? = 0
configure:4364: result: yes
configure:4318: checking for unistd.h
configure:4334: gcc -c -g -O2  conftest.c >&5
configure:4340: $? = 0
configure:4344: test -z 
			 || test ! -s conftest.err
configure:4347: $? = 0
configure:4350: test -s conftest.o
configure:4353: $? = 0
configure:4364: result: yes
configure:4390: checking dlfcn.h usability
configure:4402: gcc -c -g -O2  conftest.c >&5
configure:4408: $? = 0
configure:4412: test -z 
			 || test ! -s conftest.err
configure:4415: $? = 0
configure:4418: test -s conftest.o
configure:4421: $? = 0
configure:4431: result: yes
configure:4435: checking dlfcn.h presence
configure:4445: gcc -E  conftest.c
configure:4451: $? = 0
configure:4471: result: yes
configure:4506: checking for dlfcn.h
configure:4513: result: yes
configure:4578: checking for g++
configure:4594: found /usr/bin/g++
configure:4604: result: g++
configure:4620: checking for C++ compiler version
configure:4623: g++ --version </dev/null >&5
g++ (GCC) 4.1.0 20060304 (Red Hat 4.1.0-3)
Copyright (C) 2006 Free Software Foundation, Inc.
This is free software; see the source for copying conditions.  There is NO
warranty; not even for MERCHANTABILITY or FITNESS FOR A PARTICULAR PURPOSE.

configure:4626: $? = 0
configure:4628: g++ -v </dev/null >&5
Using built-in specs.
Target: i386-redhat-linux
Configured with: ../configure --prefix=/usr --mandir=/usr/share/man --infodir=/usr/share/info --enable-shared --enable-threads=posix --enable-checking=release --with-system-zlib --enable-__cxa_atexit --disable-libunwind-exceptions --enable-libgcj-multifile --enable-languages=c,c++,objc,obj-c++,java,fortran,ada --enable-java-awt=gtk --disable-dssi --with-java-home=/usr/lib/jvm/java-1.4.2-gcj-1.4.2.0/jre --with-cpu=generic --host=i386-redhat-linux
Thread model: posix
gcc version 4.1.0 20060304 (Red Hat 4.1.0-3)
configure:4631: $? = 0
configure:4633: g++ -V </dev/null >&5
g++: '-V' option must have argument
configure:4636: $? = 1
configure:4639: checking whether we are using the GNU C++ compiler
configure:4663: g++ -c   conftest.cc >&5
configure:4669: $? = 0
configure:4673: test -z 
			 || test ! -s conftest.err
configure:4676: $? = 0
configure:4679: test -s conftest.o
configure:4682: $? = 0
configure:4695: result: yes
configure:4701: checking whether g++ accepts -g
configure:4722: g++ -c -g  conftest.cc >&5
configure:4728: $? = 0
configure:4732: test -z 
			 || test ! -s conftest.err
configure:4735: $? = 0
configure:4738: test -s conftest.o
configure:4741: $? = 0
configure:4752: result: yes
configure:4794: g++ -c -g -O2  conftest.cc >&5
configure:4800: $? = 0
configure:4804: test -z 
			 || test ! -s conftest.err
configure:4807: $? = 0
configure:4810: test -s conftest.o
configure:4813: $? = 0
configure:4839: g++ -c -g -O2  conftest.cc >&5
conftest.cc: In function 'int main()':
conftest.cc:26: error: 'exit' was not declared in this scope
configure:4845: $? = 1
configure: failed program was:
| /* confdefs.h.  */
| 
| #define PACKAGE_NAME "libXlg3d"
| #define PACKAGE_TARNAME "libXlg3d"
| #define PACKAGE_VERSION "5.0"
| #define PACKAGE_STRING "libXlg3d 5.0"
| #define PACKAGE_BUGREPORT "https://bugs.freedesktop.org/enter_bug.cgi?product=xorg"
| #define PACKAGE "libXlg3d"
| #define VERSION "5.0"
| #define STDC_HEADERS 1
| #define HAVE_SYS_TYPES_H 1
| #define HAVE_SYS_STAT_H 1
| #define HAVE_STDLIB_H 1
| #define HAVE_STRING_H 1
| #define HAVE_MEMORY_H 1
| #define HAVE_STRINGS_H 1
| #define HAVE_INTTYPES_H 1
| #define HAVE_STDINT_H 1
| #define HAVE_UNISTD_H 1
| #define HAVE_DLFCN_H 1
| /* end confdefs.h.  */
| 
| int
| main ()
| {
| exit (42);
|   ;
|   return 0;
| }
configure:4794: g++ -c -g -O2  conftest.cc >&5
configure:4800: $? = 0
configure:4804: test -z 
			 || test ! -s conftest.err
configure:4807: $? = 0
configure:4810: test -s conftest.o
configure:4813: $? = 0
configure:4839: g++ -c -g -O2  conftest.cc >&5
configure:4845: $? = 0
configure:4849: test -z 
			 || test ! -s conftest.err
configure:4852: $? = 0
configure:4855: test -s conftest.o
configure:4858: $? = 0
configure:4883: checking dependency style of g++
configure:4973: result: gcc3
configure:5000: checking how to run the C++ preprocessor
configure:5031: g++ -E  conftest.cc
configure:5037: $? = 0
configure:5069: g++ -E  conftest.cc
conftest.cc:25:28: error: ac_nonexistent.h: No such file or directory
configure:5075: $? = 1
configure: failed program was:
| /* confdefs.h.  */
| 
| #define PACKAGE_NAME "libXlg3d"
| #define PACKAGE_TARNAME "libXlg3d"
| #define PACKAGE_VERSION "5.0"
| #define PACKAGE_STRING "libXlg3d 5.0"
| #define PACKAGE_BUGREPORT "https://bugs.freedesktop.org/enter_bug.cgi?product=xorg"
| #define PACKAGE "libXlg3d"
| #define VERSION "5.0"
| #define STDC_HEADERS 1
| #define HAVE_SYS_TYPES_H 1
| #define HAVE_SYS_STAT_H 1
| #define HAVE_STDLIB_H 1
| #define HAVE_STRING_H 1
| #define HAVE_MEMORY_H 1
| #define HAVE_STRINGS_H 1
| #define HAVE_INTTYPES_H 1
| #define HAVE_STDINT_H 1
| #define HAVE_UNISTD_H 1
| #define HAVE_DLFCN_H 1
| #ifdef __cplusplus
| extern "C" void std::exit (int) throw (); using std::exit;
| #endif
| /* end confdefs.h.  */
| #include <ac_nonexistent.h>
configure:5114: result: g++ -E
configure:5138: g++ -E  conftest.cc
configure:5144: $? = 0
configure:5176: g++ -E  conftest.cc
conftest.cc:25:28: error: ac_nonexistent.h: No such file or directory
configure:5182: $? = 1
configure: failed program was:
| /* confdefs.h.  */
| 
| #define PACKAGE_NAME "libXlg3d"
| #define PACKAGE_TARNAME "libXlg3d"
| #define PACKAGE_VERSION "5.0"
| #define PACKAGE_STRING "libXlg3d 5.0"
| #define PACKAGE_BUGREPORT "https://bugs.freedesktop.org/enter_bug.cgi?product=xorg"
| #define PACKAGE "libXlg3d"
| #define VERSION "5.0"
| #define STDC_HEADERS 1
| #define HAVE_SYS_TYPES_H 1
| #define HAVE_SYS_STAT_H 1
| #define HAVE_STDLIB_H 1
| #define HAVE_STRING_H 1
| #define HAVE_MEMORY_H 1
| #define HAVE_STRINGS_H 1
| #define HAVE_INTTYPES_H 1
| #define HAVE_STDINT_H 1
| #define HAVE_UNISTD_H 1
| #define HAVE_DLFCN_H 1
| #ifdef __cplusplus
| extern "C" void std::exit (int) throw (); using std::exit;
| #endif
| /* end confdefs.h.  */
| #include <ac_nonexistent.h>
configure:5279: checking for g77
configure:5295: found /usr/bin/g77
configure:5305: result: g77
configure:5320: checking for Fortran 77 compiler version
configure:5323: g77 --version </dev/null >&5
GNU Fortran (GCC 3.2.3 20030502 (Red Hat Linux 3.2.3-55.fc5)) 3.2.3 20030502 (Red Hat Linux 3.2.3-13)
Copyright (C) 2002 Free Software Foundation, Inc.

GNU Fortran comes with NO WARRANTY, to the extent permitted by law.
You may redistribute copies of GNU Fortran
under the terms of the GNU General Public License.
For more information about these matters, see the file named COPYING
or type the command `info -f g77 Copying'.
configure:5326: $? = 0
configure:5328: g77 -v </dev/null >&5
Reading specs from /usr/lib/gcc-lib/i386-redhat-linux/3.2.3/specs
Configured with: ../configure --prefix=/usr --mandir=/usr/share/man --infodir=/usr/share/info --enable-shared --enable-threads=posix --disable-checking --with-system-zlib --enable-__cxa_atexit --enable-languages=c,c++,f77 --disable-libgcj --host=i386-redhat-linux
Thread model: posix
gcc version 3.2.3 20030502 (Red Hat Linux 3.2.3-55.fc5)
configure:5331: $? = 0
configure:5333: g77 -V </dev/null >&5
g77: argument to `-V' missing
configure:5336: $? = 1
configure:5344: checking whether we are using the GNU Fortran 77 compiler
configure:5358: g77 -c  conftest.F >&5
configure:5364: $? = 0
configure:5368: test -z 
			 || test ! -s conftest.err
configure:5371: $? = 0
configure:5374: test -s conftest.o
configure:5377: $? = 0
configure:5390: result: yes
configure:5396: checking whether g77 accepts -g
configure:5408: g77 -c -g conftest.f >&5
configure:5414: $? = 0
configure:5418: test -z 
			 || test ! -s conftest.err
configure:5421: $? = 0
configure:5424: test -s conftest.o
configure:5427: $? = 0
configure:5439: result: yes
configure:5469: checking the maximum length of command line arguments
configure:5578: result: 32768
configure:5589: checking command to parse /usr/bin/nm -B output from gcc object
configure:5694: gcc -c -g -O2  conftest.c >&5
configure:5697: $? = 0
configure:5701: /usr/bin/nm -B conftest.o \| sed -n -e 's/^.*[ 	]\([ABCDGIRSTW][ABCDGIRSTW]*\)[ 	][ 	]*\([_A-Za-z][_A-Za-z0-9]*\)$/\1 \2 \2/p' \> conftest.nm
configure:5704: $? = 0
configure:5756: gcc -o conftest -g -O2   conftest.c conftstm.o >&5
configure:5759: $? = 0
configure:5797: result: ok
configure:5801: checking for objdir
configure:5816: result: .libs
configure:5906: checking for ar
configure:5922: found /usr/bin/ar
configure:5933: result: ar
configure:5986: checking for ranlib
configure:6002: found /usr/bin/ranlib
configure:6013: result: ranlib
configure:6066: checking for strip
configure:6082: found /homelocal/djlocal/bin/strip
configure:6093: result: strip
configure:6365: checking if gcc supports -fno-rtti -fno-exceptions
configure:6383: gcc -c -g -O2  -fno-rtti -fno-exceptions conftest.c >&5
cc1: warning: command line option "-fno-rtti" is valid for C++/ObjC++ but not for C
configure:6387: $? = 0
configure:6400: result: no
configure:6415: checking for gcc option to produce PIC
configure:6625: result: -fPIC
configure:6633: checking if gcc PIC flag -fPIC works
configure:6651: gcc -c -g -O2  -fPIC -DPIC conftest.c >&5
configure:6655: $? = 0
configure:6668: result: yes
configure:6696: checking if gcc static flag -static works
configure:6724: result: yes
configure:6734: checking if gcc supports -c -o file.o
configure:6755: gcc -c -g -O2  -o out/conftest2.o conftest.c >&5
configure:6759: $? = 0
configure:6781: result: yes
configure:6807: checking whether the gcc linker (/usr/bin/ld) supports shared libraries
configure:7765: result: yes
configure:7786: checking whether -lc should be explicitly linked in
configure:7791: gcc -c -g -O2  conftest.c >&5
configure:7794: $? = 0
configure:7809: gcc -shared conftest.o  -v -Wl,-soname -Wl,conftest -o conftest 2\>\&1 \| grep  -lc  \>/dev/null 2\>\&1
configure:7812: $? = 0
configure:7824: result: no
configure:7832: checking dynamic linker characteristics
configure:8441: result: GNU/Linux ld.so
configure:8450: checking how to hardcode library paths into programs
configure:8475: result: immediate
configure:8489: checking whether stripping libraries is possible
configure:8494: result: yes
configure:9328: checking if libtool supports shared libraries
configure:9330: result: yes
configure:9333: checking whether to build shared libraries
configure:9354: result: yes
configure:9357: checking whether to build static libraries
configure:9361: result: yes
configure:9453: creating libtool
configure:10041: checking for ld used by g++
configure:10108: result: /usr/bin/ld
configure:10117: checking if the linker (/usr/bin/ld) is GNU ld
configure:10132: result: yes
configure:10183: checking whether the g++ linker (/usr/bin/ld) supports shared libraries
configure:11121: result: yes
configure:11139: g++ -c -g -O2  conftest.cpp >&5
configure:11142: $? = 0
configure:11261: checking for g++ option to produce PIC
configure:11535: result: -fPIC
configure:11543: checking if g++ PIC flag -fPIC works
configure:11561: g++ -c -g -O2  -fPIC -DPIC conftest.cpp >&5
configure:11565: $? = 0
configure:11578: result: yes
configure:11606: checking if g++ static flag -static works
configure:11634: result: yes
configure:11644: checking if g++ supports -c -o file.o
configure:11665: g++ -c -g -O2  -o out/conftest2.o conftest.cpp >&5
configure:11669: $? = 0
configure:11691: result: yes
configure:11717: checking whether the g++ linker (/usr/bin/ld) supports shared libraries
configure:11742: result: yes
configure:11809: checking dynamic linker characteristics
configure:12418: result: GNU/Linux ld.so
configure:12427: checking how to hardcode library paths into programs
configure:12452: result: immediate
configure:12978: checking if libtool supports shared libraries
configure:12980: result: yes
configure:12983: checking whether to build shared libraries
configure:13003: result: yes
configure:13006: checking whether to build static libraries
configure:13010: result: yes
configure:13020: checking for g77 option to produce PIC
configure:13230: result: -fPIC
configure:13238: checking if g77 PIC flag -fPIC works
configure:13256: g77 -c -g -O2 -fPIC conftest.f >&5
configure:13260: $? = 0
configure:13273: result: yes
configure:13301: checking if g77 static flag -static works
configure:13329: result: yes
configure:13339: checking if g77 supports -c -o file.o
configure:13360: g77 -c -g -O2 -o out/conftest2.o conftest.f >&5
configure:13364: $? = 0
configure:13386: result: yes
configure:13412: checking whether the g77 linker (/usr/bin/ld) supports shared libraries
configure:14350: result: yes
configure:14417: checking dynamic linker characteristics
configure:15026: result: GNU/Linux ld.so
configure:15035: checking how to hardcode library paths into programs
configure:15060: result: immediate
configure:18701: checking for pkg-config
configure:18719: found /usr/local/bin/pkg-config
configure:18731: result: /usr/local/bin/pkg-config
configure:18746: checking pkg-config is at least version 0.9.0
configure:18749: result: yes
configure:18760: checking for XLG3D
configure:18768: $PKG_CONFIG --exists --print-errors "lg3dproto >= $LGEXT_VERSION x11 xfixes xext fixesproto"
configure:18771: $? = 0
configure:18786: $PKG_CONFIG --exists --print-errors "lg3dproto >= $LGEXT_VERSION x11 xfixes xext fixesproto"
configure:18789: $? = 0
configure:18865: result: yes
configure:19013: creating ./config.status

## ---------------------- ##
## Running config.status. ##
## ---------------------- ##

This file was extended by libXlg3d config.status 5.0, which was
generated by GNU Autoconf 2.59.  Invocation command line was

  CONFIG_FILES    = 
  CONFIG_HEADERS  = 
  CONFIG_LINKS    = 
  CONFIG_COMMANDS = 
  $ ./config.status 

on localhost.localdomain

config.status:724: creating Makefile
config.status:724: creating src/Makefile
config.status:724: creating xlg3d.pc
config.status:828: creating config.h
config.status:936: config.h is unchanged
config.status:1116: executing depfiles commands

## ---------------- ##
## Cache variables. ##
## ---------------- ##

ac_cv_build=i686-intel-linux
ac_cv_build_alias=i686-intel-linux
ac_cv_c_compiler_gnu=yes
ac_cv_cxx_compiler_gnu=yes
ac_cv_env_CC_set=
ac_cv_env_CC_value=
ac_cv_env_CFLAGS_set=
ac_cv_env_CFLAGS_value=
ac_cv_env_CPPFLAGS_set=
ac_cv_env_CPPFLAGS_value=
ac_cv_env_CPP_set=
ac_cv_env_CPP_value=
ac_cv_env_CXXCPP_set=
ac_cv_env_CXXCPP_value=
ac_cv_env_CXXFLAGS_set=
ac_cv_env_CXXFLAGS_value=
ac_cv_env_CXX_set=
ac_cv_env_CXX_value=
ac_cv_env_F77_set=
ac_cv_env_F77_value=
ac_cv_env_FFLAGS_set=
ac_cv_env_FFLAGS_value=
ac_cv_env_LDFLAGS_set=
ac_cv_env_LDFLAGS_value=
ac_cv_env_PKG_CONFIG_set=
ac_cv_env_PKG_CONFIG_value=
ac_cv_env_XLG3D_CFLAGS_set=
ac_cv_env_XLG3D_CFLAGS_value=
ac_cv_env_XLG3D_LIBS_set=
ac_cv_env_XLG3D_LIBS_value=
ac_cv_env_build_alias_set=
ac_cv_env_build_alias_value=
ac_cv_env_host_alias_set=
ac_cv_env_host_alias_value=
ac_cv_env_target_alias_set=
ac_cv_env_target_alias_value=
ac_cv_exeext=
ac_cv_f77_compiler_gnu=yes
ac_cv_header_dlfcn_h=yes
ac_cv_header_inttypes_h=yes
ac_cv_header_memory_h=yes
ac_cv_header_stdc=yes
ac_cv_header_stdint_h=yes
ac_cv_header_stdlib_h=yes
ac_cv_header_string_h=yes
ac_cv_header_strings_h=yes
ac_cv_header_sys_stat_h=yes
ac_cv_header_sys_types_h=yes
ac_cv_header_unistd_h=yes
ac_cv_host=i686-intel-linux
ac_cv_host_alias=i686-intel-linux
ac_cv_objext=o
ac_cv_path_ac_pt_PKG_CONFIG=/usr/local/bin/pkg-config
ac_cv_path_install='/usr/bin/install -c'
ac_cv_prog_AWK=gawk
ac_cv_prog_CPP='gcc -E'
ac_cv_prog_CXXCPP='g++ -E'
ac_cv_prog_ac_ct_AR=ar
ac_cv_prog_ac_ct_CC=gcc
ac_cv_prog_ac_ct_CXX=g++
ac_cv_prog_ac_ct_F77=g77
ac_cv_prog_ac_ct_RANLIB=ranlib
ac_cv_prog_ac_ct_STRIP=strip
ac_cv_prog_cc_g=yes
ac_cv_prog_cc_stdc=
ac_cv_prog_cxx_g=yes
ac_cv_prog_egrep='grep -E'
ac_cv_prog_f77_g=yes
ac_cv_prog_make_make_set=yes
am_cv_CC_dependencies_compiler_type=gcc3
am_cv_CXX_dependencies_compiler_type=gcc3
lt_cv_deplibs_check_method=pass_all
lt_cv_file_magic_cmd='$MAGIC_CMD'
lt_cv_file_magic_test_file=
lt_cv_ld_reload_flag=-r
lt_cv_objdir=.libs
lt_cv_path_LD=/usr/bin/ld
lt_cv_path_LDCXX=/usr/bin/ld
lt_cv_path_NM='/usr/bin/nm -B'
lt_cv_path_SED=/bin/sed
lt_cv_prog_compiler_c_o=yes
lt_cv_prog_compiler_c_o_CXX=yes
lt_cv_prog_compiler_c_o_F77=yes
lt_cv_prog_compiler_rtti_exceptions=no
lt_cv_prog_gnu_ld=yes
lt_cv_prog_gnu_ldcxx=yes
lt_cv_sys_global_symbol_pipe='sed -n -e '\''s/^.*[ 	]\([ABCDGIRSTW][ABCDGIRSTW]*\)[ 	][ 	]*\([_A-Za-z][_A-Za-z0-9]*\)$/\1 \2 \2/p'\'''
lt_cv_sys_global_symbol_to_c_name_address='sed -n -e '\''s/^: \([^ ]*\) $/  {\"\1\", (lt_ptr) 0},/p'\'' -e '\''s/^[BCDEGRST] \([^ ]*\) \([^ ]*\)$/  {"\2", (lt_ptr) \&\2},/p'\'''
lt_cv_sys_global_symbol_to_cdecl='sed -n -e '\''s/^. .* \(.*\)$/extern int \1;/p'\'''
lt_cv_sys_max_cmd_len=32768
lt_lt_cv_prog_compiler_c_o='"yes"'
lt_lt_cv_prog_compiler_c_o_CXX='"yes"'
lt_lt_cv_prog_compiler_c_o_F77='"yes"'
lt_lt_cv_sys_global_symbol_pipe='"sed -n -e '\''s/^.*[ 	]\\([ABCDGIRSTW][ABCDGIRSTW]*\\)[ 	][ 	]*\\([_A-Za-z][_A-Za-z0-9]*\\)\$/\\1 \\2 \\2/p'\''"'
lt_lt_cv_sys_global_symbol_to_c_name_address='"sed -n -e '\''s/^: \\([^ ]*\\) \$/  {\\\"\\1\\\", (lt_ptr) 0},/p'\'' -e '\''s/^[BCDEGRST] \\([^ ]*\\) \\([^ ]*\\)\$/  {\"\\2\", (lt_ptr) \\&\\2},/p'\''"'
lt_lt_cv_sys_global_symbol_to_cdecl='"sed -n -e '\''s/^. .* \\(.*\\)\$/extern int \\1;/p'\''"'
pkg_cv_XLG3D_CFLAGS='-I/homelocal/djlocal/xorg/gitlg/modular/include  '
pkg_cv_XLG3D_LIBS='-L/homelocal/djlocal/xorg/gitlg/modular/lib -lX11 -lXfixes -lXext  '

## ----------------- ##
## Output variables. ##
## ----------------- ##

ACLOCAL='aclocal -I /homelocal/djlocal/xorg/gitlg/modular/share/aclocal'
AMDEPBACKSLASH='\'
AMDEP_FALSE='#'
AMDEP_TRUE=''
AMTAR='${SHELL} /homelocal/djlocal/xorg/gitlg/lib/libXlg3d/missing --run tar'
AR='ar'
AUTOCONF='${SHELL} /homelocal/djlocal/xorg/gitlg/lib/libXlg3d/missing --run autoconf'
AUTOHEADER='${SHELL} /homelocal/djlocal/xorg/gitlg/lib/libXlg3d/missing --run autoheader'
AUTOMAKE='${SHELL} /homelocal/djlocal/xorg/gitlg/lib/libXlg3d/missing --run automake-1.9'
AWK='gawk'
CC='gcc'
CCDEPMODE='depmode=gcc3'
CFLAGS='-g -O2'
CPP='gcc -E'
CPPFLAGS=''
CXX='g++'
CXXCPP='g++ -E'
CXXDEPMODE='depmode=gcc3'
CXXFLAGS='-g -O2'
CYGPATH_W='echo'
DEFS='-DHAVE_CONFIG_H'
DEPDIR='.deps'
ECHO='echo'
ECHO_C=''
ECHO_N='-n'
ECHO_T=''
EGREP='grep -E'
EXEEXT=''
F77='g77'
FFLAGS='-g -O2'
INSTALL_DATA='${INSTALL} -m 644'
INSTALL_PROGRAM='${INSTALL}'
INSTALL_SCRIPT='${INSTALL}'
INSTALL_STRIP_PROGRAM='${SHELL} $(install_sh) -c -s'
LDFLAGS=''
LGEXT_VERSION='5.0'
LIBOBJS=''
LIBS=''
LIBTOOL='$(SHELL) $(top_builddir)/libtool'
LN_S='ln -s'
LTLIBOBJS=''
MAINT=''
MAINTAINER_MODE_FALSE='#'
MAINTAINER_MODE_TRUE=''
MAKEINFO='${SHELL} /homelocal/djlocal/xorg/gitlg/lib/libXlg3d/missing --run makeinfo'
OBJEXT='o'
PACKAGE='libXlg3d'
PACKAGE_BUGREPORT='https://bugs.freedesktop.org/enter_bug.cgi?product=xorg'
PACKAGE_NAME='libXlg3d'
PACKAGE_STRING='libXlg3d 5.0'
PACKAGE_TARNAME='libXlg3d'
PACKAGE_VERSION='5.0'
PATH_SEPARATOR=':'
PKG_CONFIG='/usr/local/bin/pkg-config'
RANLIB='ranlib'
SET_MAKE=''
SHELL='/bin/sh'
STRIP='strip'
VERSION='5.0'
XLG3D_CFLAGS='-I/homelocal/djlocal/xorg/gitlg/modular/include  '
XLG3D_LIBS='-L/homelocal/djlocal/xorg/gitlg/modular/lib -lX11 -lXfixes -lXext  '
ac_ct_AR='ar'
ac_ct_CC='gcc'
ac_ct_CXX='g++'
ac_ct_F77='g77'
ac_ct_RANLIB='ranlib'
ac_ct_STRIP='strip'
ac_pt_PKG_CONFIG='/usr/local/bin/pkg-config'
am__fastdepCC_FALSE='#'
am__fastdepCC_TRUE=''
am__fastdepCXX_FALSE='#'
am__fastdepCXX_TRUE=''
am__include='include'
am__leading_dot='.'
am__quote=''
am__tar='${AMTAR} chof - "$$tardir"'
am__untar='${AMTAR} xf -'
bindir='${exec_prefix}/bin'
build='i686-intel-linux'
build_alias=''
build_cpu='i686'
build_os='linux'
build_vendor='intel'
datadir='${prefix}/share'
exec_prefix='${prefix}'
host='i686-intel-linux'
host_alias=''
host_cpu='i686'
host_os='linux'
host_vendor='intel'
includedir='${prefix}/include'
infodir='${prefix}/info'
install_sh='/homelocal/djlocal/xorg/gitlg/lib/libXlg3d/install-sh'
libdir='${exec_prefix}/lib'
libexecdir='${exec_prefix}/libexec'
localstatedir='${prefix}/var'
mandir='${prefix}/man'
mkdir_p='mkdir -p --'
oldincludedir='/usr/include'
prefix='/homelocal/djlocal/xorg/gitlg/modular'
program_transform_name='s,x,x,'
sbindir='${exec_prefix}/sbin'
sharedstatedir='${prefix}/com'
sysconfdir='${prefix}/etc'
target_alias=''

## ----------- ##
## confdefs.h. ##
## ----------- ##

#define HAVE_DLFCN_H 1
#define HAVE_INTTYPES_H 1
#define HAVE_MEMORY_H 1
#define HAVE_STDINT_H 1
#define HAVE_STDLIB_H 1
#define HAVE_STRINGS_H 1
#define HAVE_STRING_H 1
#define HAVE_SYS_STAT_H 1
#define HAVE_SYS_TYPES_H 1
#define HAVE_UNISTD_H 1
#define PACKAGE "libXlg3d"
#define PACKAGE_BUGREPORT "https://bugs.freedesktop.org/enter_bug.cgi?product=xorg"
#define PACKAGE_NAME "libXlg3d"
#define PACKAGE_STRING "libXlg3d 5.0"
#define PACKAGE_TARNAME "libXlg3d"
#define PACKAGE_VERSION "5.0"
#define STDC_HEADERS 1
#define VERSION "5.0"
#endif
#ifdef __cplusplus
extern "C" void std::exit (int) throw (); using std::exit;

configure: exit 0

## ---------------------- ##
## Running config.status. ##
## ---------------------- ##

This file was extended by libXlg3d config.status 5.0, which was
generated by GNU Autoconf 2.59.  Invocation command line was

  CONFIG_FILES    = 
  CONFIG_HEADERS  = 
  CONFIG_LINKS    = 
  CONFIG_COMMANDS = 
  $ ./config.status config.h

on localhost.localdomain

config.status:828: creating config.h
config.status:936: config.h is unchanged
